<?xml version="1.0" encoding="UTF-8"?>
<!-- Generated by org.testng.reporters.JUnitReportReporter -->
<testsuite hostname="SWLAP188" failures="0" tests="3" name="VidhyaPrakashAutomation.Tests.SubmitOrder" time="31.918" errors="0" timestamp="2024-07-31T19:40:46 IST" skipped="0">
  <testcase classname="VidhyaPrakashAutomation.Tests.SubmitOrder" name="submitOrder" time="11.874"/>
  <testcase classname="VidhyaPrakashAutomation.Tests.SubmitOrder" name="submitOrder" time="11.147"/>
  <testcase classname="VidhyaPrakashAutomation.Tests.SubmitOrder" name="orderHistory" time="8.897"/>
</testsuite> <!-- VidhyaPrakashAutomation.Tests.SubmitOrder -->
