<?xml version="1.0" encoding="UTF-8"?>
<!-- Generated by org.testng.reporters.JUnitReportReporter -->
<testsuite hostname="SWLAP188" failures="0" tests="3" name="VidhyaPrakashAutomation.Tests.SubmitOrder" time="50.805" errors="0" timestamp="2024-08-05T15:07:48 IST" skipped="0">
  <testcase classname="VidhyaPrakashAutomation.Tests.SubmitOrder" name="submitOrder" time="21.538"/>
  <testcase classname="VidhyaPrakashAutomation.Tests.SubmitOrder" name="orderHistory" time="5.479"/>
  <testcase classname="VidhyaPrakashAutomation.Tests.SubmitOrder" name="submitOrder" time="23.788"/>
</testsuite> <!-- VidhyaPrakashAutomation.Tests.SubmitOrder -->
