<?xml version="1.0" encoding="UTF-8"?>
<!-- Generated by org.testng.reporters.JUnitReportReporter -->
<testsuite hostname="DESKTOP-R0DDCFO" failures="0" tests="3" name="VidhyaPrakashAutomation.Tests.SubmitOrder" time="35.183" errors="0" timestamp="2024-08-05T13:29:54 IST" skipped="0">
  <testcase classname="VidhyaPrakashAutomation.Tests.SubmitOrder" name="submitOrder" time="15.881"/>
  <testcase classname="VidhyaPrakashAutomation.Tests.SubmitOrder" name="submitOrder" time="15.644"/>
  <testcase classname="VidhyaPrakashAutomation.Tests.SubmitOrder" name="orderHistory" time="3.658"/>
</testsuite> <!-- VidhyaPrakashAutomation.Tests.SubmitOrder -->
